<?xml version="1.0" encoding="UTF-8"?>
<!-- Generated by org.testng.reporters.JUnitXMLReporter -->
<testsuite hostname="VD-MDU-MMA12" ignored="3" name="TestCases(failed)" tests="2" failures="1" timestamp="2019-11-19T18:43:27 IST" time="26.189" errors="0">
  <testcase name="Navi_ClickLink" time="0.741" classname="TestCases.HyperLinkPage_Test"/>
  <testcase name="Test12_VerifyBrokenLink" time="21.095" classname="TestCases.HyperLinkPage_Test">
    <failure type="java.net.ConnectException" message="Connection timed out: connect">
      <![CDATA[java.net.ConnectException: Connection timed out: connect
at java.net.DualStackPlainSocketImpl.connect0(Native Method)
at java.net.DualStackPlainSocketImpl.socketConnect(Unknown Source)
at java.net.AbstractPlainSocketImpl.doConnect(Unknown Source)
at java.net.AbstractPlainSocketImpl.connectToAddress(Unknown Source)
at java.net.AbstractPlainSocketImpl.connect(Unknown Source)
at java.net.PlainSocketImpl.connect(Unknown Source)
at java.net.SocksSocketImpl.connect(Unknown Source)
at java.net.Socket.connect(Unknown Source)
at java.net.Socket.connect(Unknown Source)
at sun.net.NetworkClient.doConnect(Unknown Source)
at sun.net.www.http.HttpClient.openServer(Unknown Source)
at sun.net.www.http.HttpClient.openServer(Unknown Source)
at sun.net.www.http.HttpClient.<init>(Unknown Source)
at sun.net.www.http.HttpClient.New(Unknown Source)
at sun.net.www.http.HttpClient.New(Unknown Source)
at sun.net.www.protocol.http.HttpURLConnection.getNewHttpClient(Unknown Source)
at sun.net.www.protocol.http.HttpURLConnection.plainConnect0(Unknown Source)
at sun.net.www.protocol.http.HttpURLConnection.plainConnect(Unknown Source)
at sun.net.www.protocol.http.HttpURLConnection.connect(Unknown Source)
at TestCases.HyperLinkPage_Test.Test12_VerifyBrokenLink(HyperLinkPage_Test.java:41)
at java.util.ArrayList.forEach(Unknown Source)
... Removed 27 stack frames]]>
    </failure>
  </testcase> <!-- Test12_VerifyBrokenLink -->
  <testcase name="Test11_FindDestination" time="0.0" classname="TestCases.HyperLinkPage_Test">
    <ignored/>
  </testcase> <!-- Test11_FindDestination -->
  <testcase name="Test12_GotoHomePage1" time="0.0" classname="TestCases.HyperLinkPage_Test">
    <ignored/>
  </testcase> <!-- Test12_GotoHomePage1 -->
  <testcase name="Test14_CountLink" time="0.0" classname="TestCases.HyperLinkPage_Test">
    <ignored/>
  </testcase> <!-- Test14_CountLink -->
</testsuite> <!-- TestCases(failed) -->
