<?xml version="1.0" encoding="UTF-8"?>
<!-- Generated by org.testng.reporters.JUnitXMLReporter -->
<testsuite hostname="LP-5CD8471223" ignored="0" name="Default test" tests="6" failures="0" timestamp="17 Nov 2019 07:33:32 GMT" time="10.564" errors="0">
  <testcase name="Navi_ClickEdit" time="0.859" classname="TestCases.EditPage_Test"/>
  <testcase name="test01_EmailAddress" time="0.314" classname="TestCases.EditPage_Test"/>
  <testcase name="test02_AppendText" time="0.232" classname="TestCases.EditPage_Test"/>
  <testcase name="test03_GetText" time="0.052" classname="TestCases.EditPage_Test"/>
  <testcase name="test04_ClearMe" time="0.08" classname="TestCases.EditPage_Test"/>
  <testcase name="test05_DisabledCheck" time="3.095" classname="TestCases.EditPage_Test"/>
</testsuite> <!-- Default test -->
