<?xml version="1.0" encoding="UTF-8"?>
<!-- Generated by org.testng.reporters.JUnitXMLReporter -->
<testsuite hostname="LP-5CD8471223" ignored="4" name="Check Test" tests="2" failures="0" timestamp="17 Nov 2019 15:36:26 GMT" time="3.598" errors="0">
  <testcase name="Navi_ClickEdit" time="0.249" classname="TestCases.EditPage_Test"/>
  <testcase name="test05_DisabledCheck" time="3.156" classname="TestCases.EditPage_Test"/>
  <testcase name="test03_GetText" time="0.0" classname="TestCases.EditPage_Test">
    <ignored/>
  </testcase> <!-- test03_GetText -->
  <testcase name="test01_EmailAddress" time="0.0" classname="TestCases.EditPage_Test">
    <ignored/>
  </testcase> <!-- test01_EmailAddress -->
  <testcase name="test04_ClearMe" time="0.0" classname="TestCases.EditPage_Test">
    <ignored/>
  </testcase> <!-- test04_ClearMe -->
  <testcase name="test02_AppendText" time="0.0" classname="TestCases.EditPage_Test">
    <ignored/>
  </testcase> <!-- test02_AppendText -->
</testsuite> <!-- Check Test -->
