<?xml version="1.0" encoding="UTF-8"?>
<!-- Generated by org.testng.reporters.JUnitXMLReporter -->
<testsuite hostname="VD-MDU-MMA12" ignored="0" name="Guru99Bank" tests="3" failures="0" timestamp="2019-11-18T14:53:40 IST" time="0.084" errors="0">
  <testcase name="@BeforeSuite InitDriver" time="20.61" classname="TestCases.TestBase">
    <failure type="org.openqa.selenium.WebDriverException" message="Timed out waiting for driver server to start.
Build info: version: &amp;apos;3.13.0&amp;apos;, revision: &amp;apos;2f0d292&amp;apos;, time: &amp;apos;2018-06-25T15:32:19.891Z&amp;apos;
System info: host: &amp;apos;VD-MDU-MMA12&amp;apos;, ip: &amp;apos;10.169.74.33&amp;apos;, os.name: &amp;apos;Windows 10&amp;apos;, os.arch: &amp;apos;amd64&amp;apos;, os.version: &amp;apos;10.0&amp;apos;, java.version: &amp;apos;1.8.0_144&amp;apos;
Driver info: driver.version: ChromeDriver">
      <![CDATA[org.openqa.selenium.WebDriverException: Timed out waiting for driver server to start.
Build info: version: '3.13.0', revision: '2f0d292', time: '2018-06-25T15:32:19.891Z'
System info: host: 'VD-MDU-MMA12', ip: '10.169.74.33', os.name: 'Windows 10', os.arch: 'amd64', os.version: '10.0', java.version: '1.8.0_144'
Driver info: driver.version: ChromeDriver
at org.openqa.selenium.remote.service.DriverService.waitUntilAvailable(DriverService.java:193)
at org.openqa.selenium.remote.service.DriverService.start(DriverService.java:179)
at org.openqa.selenium.remote.service.DriverCommandExecutor.execute(DriverCommandExecutor.java:79)
at org.openqa.selenium.remote.RemoteWebDriver.execute(RemoteWebDriver.java:548)
at org.openqa.selenium.remote.RemoteWebDriver.startSession(RemoteWebDriver.java:212)
at org.openqa.selenium.remote.RemoteWebDriver.<init>(RemoteWebDriver.java:130)
at org.openqa.selenium.chrome.ChromeDriver.<init>(ChromeDriver.java:181)
at org.openqa.selenium.chrome.ChromeDriver.<init>(ChromeDriver.java:168)
at org.openqa.selenium.chrome.ChromeDriver.<init>(ChromeDriver.java:123)
at TestCases.TestBase.InitDriver(TestBase.java:30)
Caused by: org.openqa.selenium.net.UrlChecker$TimeoutException: Timed out waiting for [http://localhost:26603/status] to be available after 20004 ms
at org.openqa.selenium.net.UrlChecker.waitUntilAvailable(UrlChecker.java:100)
at org.openqa.selenium.remote.service.DriverService.waitUntilAvailable(DriverService.java:188)
... 28 more
Caused by: java.util.concurrent.TimeoutException
at java.util.concurrent.FutureTask.get(Unknown Source)
at com.google.common.util.concurrent.SimpleTimeLimiter.callWithTimeout(SimpleTimeLimiter.java:156)
at org.openqa.selenium.net.UrlChecker.waitUntilAvailable(UrlChecker.java:75)
... 29 more
... Removed 19 stack frames]]>
    </failure>
  </testcase> <!-- @BeforeSuite InitDriver -->
  <testcase name="@BeforeTest LaunchAppURL" time="0.016" classname="TestCases.TestBase">
    <failure type="java.lang.NullPointerException">
      <![CDATA[java.lang.NullPointerException
at TestCases.TestBase.LaunchAppURL(TestBase.java:65)
... Removed 24 stack frames]]>
    </failure>
  </testcase> <!-- @BeforeTest LaunchAppURL -->
  <testcase name="Login_Guru99Bank_ValidCheck" time="0.0" classname="TestCases.Guru99Bank_LoginPage_Test">
    <skipped/>
  </testcase> <!-- Login_Guru99Bank_ValidCheck -->
  <testcase name="Login_Guru99Bank_ValidCheck" time="0.0" classname="TestCases.Guru99Bank_LoginPage_Test">
    <skipped/>
  </testcase> <!-- Login_Guru99Bank_ValidCheck -->
  <testcase name="Login_Guru99Bank_ValidCheck" time="0.0" classname="TestCases.Guru99Bank_LoginPage_Test">
    <skipped/>
  </testcase> <!-- Login_Guru99Bank_ValidCheck -->
</testsuite> <!-- Guru99Bank -->
