<?xml version="1.0" encoding="UTF-8"?>
<!-- Generated by org.testng.reporters.JUnitXMLReporter -->
<testsuite hostname="LP-5CD8471223" ignored="1" name="TestCases" tests="7" failures="0" timestamp="17 Nov 2019 15:36:23 GMT" time="7.217" errors="0">
  <testcase name="Navi_ClickEdit" time="1.004" classname="TestCases.EditPage_Test"/>
  <testcase name="test01_EmailAddress" time="0.365" classname="TestCases.EditPage_Test"/>
  <testcase name="test02_AppendText" time="0.403" classname="TestCases.EditPage_Test"/>
  <testcase name="test03_GetText" time="0.082" classname="TestCases.EditPage_Test"/>
  <testcase name="test04_ClearMe" time="0.276" classname="TestCases.EditPage_Test"/>
  <testcase name="test04_ClearMe" time="0.22" classname="TestCases.EditPage_Test"/>
  <testcase name="test04_ClearMe" time="0.147" classname="TestCases.EditPage_Test"/>
  <testcase name="test05_DisabledCheck" time="0.0" classname="TestCases.EditPage_Test">
    <ignored/>
  </testcase> <!-- test05_DisabledCheck -->
</testsuite> <!-- TestCases -->
