<?xml version="1.0" encoding="UTF-8"?>
<!-- Generated by org.testng.reporters.JUnitXMLReporter -->
<testsuite hostname="VD-MDU-MMA12" ignored="4" name="TestCases" tests="18" failures="0" timestamp="2019-11-21T18:14:21 IST" time="17.582" errors="0">
  <testcase name="Navi_ClickButton" time="0.711" classname="TestCases.ButtonPage_Test"/>
  <testcase name="Test10_GetSize" time="0.065" classname="TestCases.ButtonPage_Test"/>
  <testcase name="Test08_GetPosition" time="0.071" classname="TestCases.ButtonPage_Test"/>
  <testcase name="Test09_GetColor" time="0.042" classname="TestCases.ButtonPage_Test"/>
  <testcase name="Test07_CheckGotoHomeButton" time="0.27" classname="TestCases.ButtonPage_Test"/>
  <testcase name="Navi_ClickEdit" time="0.317" classname="TestCases.EditPage_Test"/>
  <testcase name="test01_EmailAddress" time="0.193" classname="TestCases.EditPage_Test"/>
  <testcase name="test02_AppendText" time="0.196" classname="TestCases.EditPage_Test"/>
  <testcase name="test03_GetText" time="0.047" classname="TestCases.EditPage_Test"/>
  <testcase name="test04_ClearMe" time="0.153" classname="TestCases.EditPage_Test"/>
  <testcase name="test04_ClearMe" time="0.127" classname="TestCases.EditPage_Test"/>
  <testcase name="test04_ClearMe" time="0.124" classname="TestCases.EditPage_Test"/>
  <testcase name="test05_DisabledCheck" time="3.097" classname="TestCases.EditPage_Test"/>
  <testcase name="Navi_ClickLink" time="0.386" classname="TestCases.HyperLinkPage_Test"/>
  <testcase name="Test11_FindDestination" time="0.081" classname="TestCases.HyperLinkPage_Test"/>
  <testcase name="Test12_VerifyBrokenLink" time="0.402" classname="TestCases.HyperLinkPage_Test"/>
  <testcase name="Test12_GotoHomePage1" time="7.005" classname="TestCases.HyperLinkPage_Test"/>
  <testcase name="Test14_CountLink" time="0.135" classname="TestCases.HyperLinkPage_Test"/>
  <testcase name="@AfterSuite quitDriver" time="0.0" classname="TestCases.TestBase">
    <ignored/>
  </testcase> <!-- @AfterSuite quitDriver -->
  <testcase name="@AfterSuite quitDriver" time="0.0" classname="TestCases.TestBase">
    <ignored/>
  </testcase> <!-- @AfterSuite quitDriver -->
  <testcase name="@BeforeSuite InitDriver" time="0.0" classname="TestCases.TestBase">
    <ignored/>
  </testcase> <!-- @BeforeSuite InitDriver -->
  <testcase name="@BeforeSuite InitDriver" time="0.0" classname="TestCases.TestBase">
    <ignored/>
  </testcase> <!-- @BeforeSuite InitDriver -->
</testsuite> <!-- TestCases -->
