<?xml version="1.0" encoding="UTF-8"?>
<testng-results skipped="0" failed="0" ignored="4" total="22" passed="18">
  <reporter-output>
  </reporter-output>
  <suite name="TestLeafSuite" duration-ms="17612" started-at="2019-11-22T12:43:03 IST" finished-at="2019-11-22T12:43:21 IST">
    <groups>
      <group name="Button">
        <method signature="ButtonPage_Test.Navi_ClickButton()[pri:0, instance:TestCases.ButtonPage_Test@5fcd892a]" name="Navi_ClickButton" class="TestCases.ButtonPage_Test"/>
        <method signature="ButtonPage_Test.Test07_CheckGotoHomeButton()[pri:4, instance:TestCases.ButtonPage_Test@5fcd892a]" name="Test07_CheckGotoHomeButton" class="TestCases.ButtonPage_Test"/>
        <method signature="ButtonPage_Test.Test08_GetPosition()[pri:2, instance:TestCases.ButtonPage_Test@5fcd892a]" name="Test08_GetPosition" class="TestCases.ButtonPage_Test"/>
        <method signature="ButtonPage_Test.Test09_GetColor()[pri:3, instance:TestCases.ButtonPage_Test@5fcd892a]" name="Test09_GetColor" class="TestCases.ButtonPage_Test"/>
        <method signature="ButtonPage_Test.Test10_GetSize()[pri:1, instance:TestCases.ButtonPage_Test@5fcd892a]" name="Test10_GetSize" class="TestCases.ButtonPage_Test"/>
      </group> <!-- Button -->
      <group name="Check">
        <method signature="EditPage_Test.Navi_ClickEdit()[pri:0, instance:TestCases.EditPage_Test@543e710e]" name="Navi_ClickEdit" class="TestCases.EditPage_Test"/>
        <method signature="EditPage_Test.test05_DisabledCheck()[pri:5, instance:TestCases.EditPage_Test@543e710e]" name="test05_DisabledCheck" class="TestCases.EditPage_Test"/>
      </group> <!-- Check -->
      <group name="Edit">
        <method signature="EditPage_Test.Navi_ClickEdit()[pri:0, instance:TestCases.EditPage_Test@543e710e]" name="Navi_ClickEdit" class="TestCases.EditPage_Test"/>
        <method signature="EditPage_Test.test01_EmailAddress(java.lang.String)[pri:1, instance:TestCases.EditPage_Test@543e710e]" name="test01_EmailAddress" class="TestCases.EditPage_Test"/>
        <method signature="EditPage_Test.test02_AppendText(java.lang.String, java.lang.String)[pri:2, instance:TestCases.EditPage_Test@543e710e]" name="test02_AppendText" class="TestCases.EditPage_Test"/>
        <method signature="EditPage_Test.test03_GetText()[pri:3, instance:TestCases.EditPage_Test@543e710e]" name="test03_GetText" class="TestCases.EditPage_Test"/>
        <method signature="EditPage_Test.test04_ClearMe(java.lang.String)[pri:4, instance:TestCases.EditPage_Test@543e710e]" name="test04_ClearMe" class="TestCases.EditPage_Test"/>
      </group> <!-- Edit -->
      <group name="Home">
        <method signature="EditPage_Test.Navi_ClickEdit()[pri:0, instance:TestCases.EditPage_Test@543e710e]" name="Navi_ClickEdit" class="TestCases.EditPage_Test"/>
        <method signature="HyperLinkPage_Test.Navi_ClickLink()[pri:0, instance:TestCases.HyperLinkPage_Test@57f23557]" name="Navi_ClickLink" class="TestCases.HyperLinkPage_Test"/>
        <method signature="ButtonPage_Test.Navi_ClickButton()[pri:0, instance:TestCases.ButtonPage_Test@5fcd892a]" name="Navi_ClickButton" class="TestCases.ButtonPage_Test"/>
      </group> <!-- Home -->
      <group name="Link">
        <method signature="HyperLinkPage_Test.Navi_ClickLink()[pri:0, instance:TestCases.HyperLinkPage_Test@57f23557]" name="Navi_ClickLink" class="TestCases.HyperLinkPage_Test"/>
        <method signature="HyperLinkPage_Test.Test11_FindDestination()[pri:1, instance:TestCases.HyperLinkPage_Test@57f23557]" name="Test11_FindDestination" class="TestCases.HyperLinkPage_Test"/>
        <method signature="HyperLinkPage_Test.Test12_GotoHomePage1()[pri:3, instance:TestCases.HyperLinkPage_Test@57f23557]" name="Test12_GotoHomePage1" class="TestCases.HyperLinkPage_Test"/>
        <method signature="HyperLinkPage_Test.Test12_VerifyBrokenLink()[pri:2, instance:TestCases.HyperLinkPage_Test@57f23557]" name="Test12_VerifyBrokenLink" class="TestCases.HyperLinkPage_Test"/>
        <method signature="HyperLinkPage_Test.Test14_CountLink()[pri:4, instance:TestCases.HyperLinkPage_Test@57f23557]" name="Test14_CountLink" class="TestCases.HyperLinkPage_Test"/>
      </group> <!-- Link -->
    </groups>
    <test name="TestCases" duration-ms="17612" started-at="2019-11-22T12:43:03 IST" finished-at="2019-11-22T12:43:21 IST">
      <class name="TestCases.HyperLinkPage_Test">
        <test-method status="PASS" signature="LaunchAppURL(java.lang.String)[pri:0, instance:TestCases.HyperLinkPage_Test@57f23557]" name="LaunchAppURL" is-config="true" duration-ms="177" started-at="2019-11-22T12:43:13 IST" finished-at="2019-11-22T12:43:13 IST">
          <params>
            <param index="0">
              <value>
                <![CDATA[TestLeaf]]>
              </value>
            </param>
          </params>
          <reporter-output>
          </reporter-output>
        </test-method> <!-- LaunchAppURL -->
        <test-method status="PASS" signature="Navi_ClickLink()[pri:0, instance:TestCases.HyperLinkPage_Test@57f23557]" name="Navi_ClickLink" duration-ms="363" started-at="2019-11-22T12:43:13 IST" finished-at="2019-11-22T12:43:14 IST">
          <reporter-output>
          </reporter-output>
        </test-method> <!-- Navi_ClickLink -->
        <test-method status="PASS" signature="Test11_FindDestination()[pri:1, instance:TestCases.HyperLinkPage_Test@57f23557]" name="Test11_FindDestination" duration-ms="90" started-at="2019-11-22T12:43:14 IST" depends-on-methods="TestCases.HyperLinkPage_Test.Navi_ClickLink" finished-at="2019-11-22T12:43:14 IST">
          <reporter-output>
          </reporter-output>
        </test-method> <!-- Test11_FindDestination -->
        <test-method status="PASS" signature="Test12_VerifyBrokenLink()[pri:2, instance:TestCases.HyperLinkPage_Test@57f23557]" name="Test12_VerifyBrokenLink" duration-ms="442" started-at="2019-11-22T12:43:14 IST" depends-on-methods="TestCases.HyperLinkPage_Test.Navi_ClickLink" finished-at="2019-11-22T12:43:14 IST">
          <reporter-output>
          </reporter-output>
        </test-method> <!-- Test12_VerifyBrokenLink -->
        <test-method status="PASS" signature="Test12_GotoHomePage1()[pri:3, instance:TestCases.HyperLinkPage_Test@57f23557]" name="Test12_GotoHomePage1" duration-ms="6680" started-at="2019-11-22T12:43:14 IST" depends-on-methods="TestCases.HyperLinkPage_Test.Navi_ClickLink" finished-at="2019-11-22T12:43:21 IST">
          <reporter-output>
          </reporter-output>
        </test-method> <!-- Test12_GotoHomePage1 -->
        <test-method status="PASS" signature="Test14_CountLink()[pri:4, instance:TestCases.HyperLinkPage_Test@57f23557]" name="Test14_CountLink" duration-ms="72" started-at="2019-11-22T12:43:21 IST" depends-on-methods="TestCases.HyperLinkPage_Test.Navi_ClickLink" finished-at="2019-11-22T12:43:21 IST">
          <reporter-output>
          </reporter-output>
        </test-method> <!-- Test14_CountLink -->
      </class> <!-- TestCases.HyperLinkPage_Test -->
      <class name="TestCases.ButtonPage_Test">
        <test-method status="PASS" signature="InitDriver()[pri:0, instance:TestCases.ButtonPage_Test@5fcd892a]" name="InitDriver" is-config="true" duration-ms="7445" started-at="2019-11-22T12:42:56 IST" finished-at="2019-11-22T12:43:03 IST">
          <reporter-output>
          </reporter-output>
        </test-method> <!-- InitDriver -->
        <test-method status="PASS" signature="LaunchAppURL(java.lang.String)[pri:0, instance:TestCases.ButtonPage_Test@5fcd892a]" name="LaunchAppURL" is-config="true" duration-ms="4512" started-at="2019-11-22T12:43:03 IST" finished-at="2019-11-22T12:43:08 IST">
          <params>
            <param index="0">
              <value>
                <![CDATA[TestLeaf]]>
              </value>
            </param>
          </params>
          <reporter-output>
          </reporter-output>
        </test-method> <!-- LaunchAppURL -->
        <test-method status="PASS" signature="Navi_ClickButton()[pri:0, instance:TestCases.ButtonPage_Test@5fcd892a]" name="Navi_ClickButton" duration-ms="493" started-at="2019-11-22T12:43:08 IST" finished-at="2019-11-22T12:43:08 IST">
          <reporter-output>
          </reporter-output>
        </test-method> <!-- Navi_ClickButton -->
        <test-method status="PASS" signature="Test10_GetSize()[pri:1, instance:TestCases.ButtonPage_Test@5fcd892a]" name="Test10_GetSize" duration-ms="77" started-at="2019-11-22T12:43:08 IST" finished-at="2019-11-22T12:43:09 IST">
          <reporter-output>
          </reporter-output>
        </test-method> <!-- Test10_GetSize -->
        <test-method status="PASS" signature="Test08_GetPosition()[pri:2, instance:TestCases.ButtonPage_Test@5fcd892a]" name="Test08_GetPosition" duration-ms="61" started-at="2019-11-22T12:43:09 IST" finished-at="2019-11-22T12:43:09 IST">
          <reporter-output>
          </reporter-output>
        </test-method> <!-- Test08_GetPosition -->
        <test-method status="PASS" signature="Test09_GetColor()[pri:3, instance:TestCases.ButtonPage_Test@5fcd892a]" name="Test09_GetColor" duration-ms="44" started-at="2019-11-22T12:43:09 IST" finished-at="2019-11-22T12:43:09 IST">
          <reporter-output>
          </reporter-output>
        </test-method> <!-- Test09_GetColor -->
        <test-method status="PASS" signature="Test07_CheckGotoHomeButton()[pri:4, instance:TestCases.ButtonPage_Test@5fcd892a]" name="Test07_CheckGotoHomeButton" duration-ms="90" started-at="2019-11-22T12:43:09 IST" finished-at="2019-11-22T12:43:09 IST">
          <reporter-output>
          </reporter-output>
        </test-method> <!-- Test07_CheckGotoHomeButton -->
        <test-method status="PASS" signature="quitDriver()[pri:0, instance:TestCases.ButtonPage_Test@5fcd892a]" name="quitDriver" is-config="true" duration-ms="1553" started-at="2019-11-22T12:43:21 IST" finished-at="2019-11-22T12:43:23 IST">
          <reporter-output>
          </reporter-output>
        </test-method> <!-- quitDriver -->
      </class> <!-- TestCases.ButtonPage_Test -->
      <class name="TestCases.EditPage_Test">
        <test-method status="PASS" signature="LaunchAppURL(java.lang.String)[pri:0, instance:TestCases.EditPage_Test@543e710e]" name="LaunchAppURL" is-config="true" duration-ms="179" started-at="2019-11-22T12:43:09 IST" finished-at="2019-11-22T12:43:09 IST">
          <params>
            <param index="0">
              <value>
                <![CDATA[TestLeaf]]>
              </value>
            </param>
          </params>
          <reporter-output>
          </reporter-output>
        </test-method> <!-- LaunchAppURL -->
        <test-method status="PASS" signature="Navi_ClickEdit()[pri:0, instance:TestCases.EditPage_Test@543e710e]" name="Navi_ClickEdit" duration-ms="306" started-at="2019-11-22T12:43:09 IST" finished-at="2019-11-22T12:43:09 IST">
          <reporter-output>
          </reporter-output>
        </test-method> <!-- Navi_ClickEdit -->
        <test-method status="PASS" signature="test01_EmailAddress(java.lang.String)[pri:1, instance:TestCases.EditPage_Test@543e710e]" name="test01_EmailAddress" duration-ms="204" started-at="2019-11-22T12:43:09 IST" depends-on-methods="TestCases.EditPage_Test.Navi_ClickEdit" finished-at="2019-11-22T12:43:09 IST">
          <params>
            <param index="0">
              <value>
                <![CDATA[as198184@gmail.com]]>
              </value>
            </param>
          </params>
          <reporter-output>
          </reporter-output>
        </test-method> <!-- test01_EmailAddress -->
        <test-method status="PASS" signature="test02_AppendText(java.lang.String, java.lang.String)[pri:2, instance:TestCases.EditPage_Test@543e710e]" name="test02_AppendText" duration-ms="215" started-at="2019-11-22T12:43:09 IST" depends-on-methods="TestCases.EditPage_Test.Navi_ClickEdit" finished-at="2019-11-22T12:43:10 IST">
          <params>
            <param index="0">
              <value>
                <![CDATA[-Text->]]>
              </value>
            </param>
            <param index="1">
              <value>
                <![CDATA[-Appended->]]>
              </value>
            </param>
          </params>
          <reporter-output>
          </reporter-output>
        </test-method> <!-- test02_AppendText -->
        <test-method status="PASS" signature="test03_GetText()[pri:3, instance:TestCases.EditPage_Test@543e710e]" name="test03_GetText" duration-ms="74" started-at="2019-11-22T12:43:10 IST" depends-on-methods="TestCases.EditPage_Test.Navi_ClickEdit" finished-at="2019-11-22T12:43:10 IST">
          <reporter-output>
          </reporter-output>
        </test-method> <!-- test03_GetText -->
        <test-method status="PASS" signature="test04_ClearMe(java.lang.String)[pri:4, instance:TestCases.EditPage_Test@543e710e]" name="test04_ClearMe" duration-ms="146" started-at="2019-11-22T12:43:10 IST" data-provider="ProvideText" depends-on-methods="TestCases.EditPage_Test.Navi_ClickEdit" finished-at="2019-11-22T12:43:10 IST">
          <params>
            <param index="0">
              <value>
                <![CDATA[Ashok]]>
              </value>
            </param>
          </params>
          <reporter-output>
          </reporter-output>
        </test-method> <!-- test04_ClearMe -->
        <test-method status="PASS" signature="test04_ClearMe(java.lang.String)[pri:4, instance:TestCases.EditPage_Test@543e710e]" name="test04_ClearMe" duration-ms="117" started-at="2019-11-22T12:43:10 IST" data-provider="ProvideText" depends-on-methods="TestCases.EditPage_Test.Navi_ClickEdit" finished-at="2019-11-22T12:43:10 IST">
          <params>
            <param index="0">
              <value>
                <![CDATA[Divya]]>
              </value>
            </param>
          </params>
          <reporter-output>
          </reporter-output>
        </test-method> <!-- test04_ClearMe -->
        <test-method status="PASS" signature="test04_ClearMe(java.lang.String)[pri:4, instance:TestCases.EditPage_Test@543e710e]" name="test04_ClearMe" duration-ms="115" started-at="2019-11-22T12:43:10 IST" data-provider="ProvideText" depends-on-methods="TestCases.EditPage_Test.Navi_ClickEdit" finished-at="2019-11-22T12:43:10 IST">
          <params>
            <param index="0">
              <value>
                <![CDATA[Adhi]]>
              </value>
            </param>
          </params>
          <reporter-output>
          </reporter-output>
        </test-method> <!-- test04_ClearMe -->
        <test-method status="PASS" signature="test05_DisabledCheck()[pri:5, instance:TestCases.EditPage_Test@543e710e]" name="test05_DisabledCheck" duration-ms="3083" started-at="2019-11-22T12:43:10 IST" depends-on-methods="TestCases.EditPage_Test.Navi_ClickEdit" finished-at="2019-11-22T12:43:13 IST">
          <reporter-output>
          </reporter-output>
        </test-method> <!-- test05_DisabledCheck -->
      </class> <!-- TestCases.EditPage_Test -->
    </test> <!-- TestCases -->
  </suite> <!-- TestLeafSuite -->
</testng-results>
